This file contains any messages produced by compilers while
running CMake, to aid debugging if configure makes a mistake.

It was created by mc_handover_controller CMake configuration process UNKNOWN-dirty, which was
generated by CMake 3.5.1.

## --------- ##
## Platform. ##
## --------- ##

hostname = vasalya-xps15
system = Linux-4.4.0-116-generic
processor = x86_64
generator = Unix Makefiles

PATH /opt/ros/kinetic/bin
PATH /home/avasalya/bin
PATH /home/avasalya/.local/bin
PATH /opt/OpenPrinting-Gutenprint/sbin
PATH /opt/OpenPrinting-Gutenprint/bin
PATH /usr/local/sbin
PATH /usr/local/bin
PATH /usr/sbin
PATH /usr/bin
PATH /sbin
PATH /bin
PATH /usr/games
PATH /usr/local/games
PATH /snap/bin

PKG_CONFIG_PATH /home/avasalya/catkin_ws/devel/lib/pkgconfig
PKG_CONFIG_PATH /opt/ros/kinetic/lib/pkgconfig
PKG_CONFIG_PATH /opt/ros/kinetic/lib/x86_64-linux-gnu/pkgconfig
PKG_CONFIG_PATH /lib/pkgconfig
PKG_CONFIG_PATH $PKG_CONFIG_PATH

## ---------------- ##
## CMake variables. ##
## ---------------- ##

CMAKE_ROOT = /usr/share/cmake-3.5
CMAKE_INCLUDE_PATH = 
CMAKE_LIBRARY_PATH = 
CMAKE_PREFIX_PATH = 
CMAKE_INSTALL_ALWAYS = 
CMAKE_SKIP_RPATH = NO
CMAKE_SUPPRESS_REGENERATION = 
BUILD_SHARED_LIBS = 

CMAKE_INSTALL_PREFIX = /usr/local
PROJECT_SOURCE_DIR = /home/avasalya/mc_handover_controller
PROJECT_SOURCE_DIR = /home/avasalya/mc_handover_controller
PROJECT_BINARY_DIR = /home/avasalya/mc_handover_controller/build
CMAKE_BINARY_DIR = /home/avasalya/mc_handover_controller/build

CMAKE_AR = /usr/bin/ar
CMAKE_RANLIB = /usr/bin/ranlib
CMAKE_BUILD_TYPE = 
CMAKE_CONFIGURATION_TYPES = 
CMAKE_SHARED_LINKER_FLAGS = 

CMAKE_C_COMPILER = /usr/bin/cc
CMAKE_C_FLAGS = 
CMAKE_C_FLAGS_DEBUG = -g
CMAKE_C_FLAGS_RELEASE = -O3 -DNDEBUG
CMAKE_CXX_COMPILER = /usr/bin/c++
CMAKE_CXX_FLAGS =  -pedantic -Wno-long-long -Wall -Wextra -Wcast-align -Wcast-qual -Wformat -Wwrite-strings -Wconversion 
CMAKE_CXX_FLAGS_DEBUG = -g
CMAKE_CXX_FLAGS_RELEASE = -O3 -DNDEBUG
CMAKE_CXX_FLAGS_RELWITHDEBINFO = -O2 -g -DNDEBUG

CMAKE_STATIC_LIBRARY_PREFIX = lib
CMAKE_STATIC_LIBRARY_SUFFIX = .a
CMAKE_SHARED_LIBRARY_PREFIX = lib
CMAKE_SHARED_LIBRARY_SUFFIX = .so
CMAKE_SHARED_MODULE_PREFIX = lib
CMAKE_SHARED_MODULE_SUFFIX = .so

## ------------------ ##
## Watched variables. ##
## ------------------ ##

WARNING_CXX_FLAGS =  -pedantic -Wno-long-long -Wall -Wextra -Wcast-align -Wcast-qual -Wformat -Wwrite-strings -Wconversion
_PKG_CONFIG_FOUND = undefined
PKG_CONFIG_EXECUTABLE = /usr/bin/pkg-config
_PKG_CONFIG_PREFIX = /usr/local
_PKG_CONFIG_EXEC_PREFIX = /usr/local
_PKG_CONFIG_LIBDIR = /usr/local/lib
_PKG_CONFIG_BINDIR = /usr/local/bin
_PKG_CONFIG_PKGLIBDIR = /usr/local/lib/mc_handover_controller
_PKG_CONFIG_INCLUDEDIR = /usr/local/include
_PKG_CONFIG_DATAROOTDIR = /usr/local/share
_PKG_CONFIG_PKGDATAROOTDIR = /usr/local/share
_PKG_CONFIG_DOCDIR = /usr/local/share/doc/mc_handover_controller
_PKG_CONFIG_DOXYGENDOCDIR = /usr/local/share/doc/mc_handover_controller/doxygen-html
_PKG_CONFIG_PROJECT_NAME = mc_handover_controller
_PKG_CONFIG_DESCRIPTION = human-robot tool handover controller for mc_rtc
_PKG_CONFIG_URL = https://gite.lirmm.fr/asheshvasalya_at_yahoo_in/mc_handover_controller
_PKG_CONFIG_VERSION = UNKNOWN-dirty
_PKG_CONFIG_REQUIRES = mc_rtc
_PKG_CONFIG_REQUIRES_DEBUG = 
_PKG_CONFIG_REQUIRES_OPTIMIZED = 
_PKG_CONFIG_CONFLICTS = 
_PKG_CONFIG_LIBS = 
_PKG_CONFIG_LIBS_DEBUG = -L${libdir}
_PKG_CONFIG_LIBS_OPTIMIZED = -L${libdir}
_PKG_CONFIG_LIBS_PRIVATE = 
_PKG_CONFIG_CFLAGS = -I${includedir}
_PKG_CONFIG_CFLAGS_DEBUG = 
_PKG_CONFIG_CFLAGS_OPTIMIZED = 
PKG_CONFIG_EXTRA = 
DOXYGEN_SKIP_DOT = undefined
DOXYGEN_EXECUTABLE = /usr/bin/doxygen
DOXYGEN_FOUND = YES
DOXYGEN_DOT_EXECUTABLE = /usr/bin/dot
DOXYGEN_DOT_FOUND = YES
DOXYGEN_DOT_PATH = /usr/bin
DOXYGEN_DOT_IMAGE_FORMAT = svg
DOXYGEN_USE_MATHJAX = NO
DOXYGEN_USE_TEMPLATE_CSS = YES
MC_RTC_FOUND = 1
MC_RTC_LIBRARIES = ltdl;mc_rtc_loader;mc_rtc_utils;mc_rbdyn;geos;mc_solver;mc_trajectory;mc_tasks;mc_rtc_ros;mc_control;tf2_ros;actionlib;message_filters;tf2;rosbag;rosbag_storage;roslz4;topic_tools;roscpp;pthread;rosconsole;rosconsole_log4cxx;rosconsole_backend_interface;xmlrpcpp;roscpp_serialization;rostime;cpp_common;Tasks;eigen-qld;eigen-lssol;sch-core;mc_rbdyn_urdf;tinyxml2;RBDyn
MC_RTC_LIBRARY_DIRS = /home/avasalya/catkin_ws/devel/lib;/opt/ros/kinetic/lib;/usr/local/lib
MC_RTC_LDFLAGS = -L/home/avasalya/catkin_ws/devel/lib;-L/opt/ros/kinetic/lib;-L/usr/local/lib;-lltdl;-lmc_rtc_loader;-lmc_rtc_utils;/usr/lib/x86_64-linux-gnu/libboost_system.so;-lmc_rbdyn;-lgeos;-lmc_solver;-lmc_trajectory;-lmc_tasks;-lmc_rtc_ros;-lmc_control;-ltf2_ros;-lactionlib;/usr/lib/x86_64-linux-gnu/libboost_thread.so;/usr/lib/x86_64-linux-gnu/libboost_chrono.so;/usr/lib/x86_64-linux-gnu/libboost_system.so;/usr/lib/x86_64-linux-gnu/libboost_date_time.so;/usr/lib/x86_64-linux-gnu/libboost_atomic.so;/usr/lib/x86_64-linux-gnu/libpthread.so;-lmessage_filters;-ltf2;/usr/lib/x86_64-linux-gnu/libconsole_bridge.so;-lrosbag;-lrosbag_storage;/usr/lib/x86_64-linux-gnu/libconsole_bridge.so;/usr/lib/x86_64-linux-gnu/libboost_date_time.so;/usr/lib/x86_64-linux-gnu/libboost_filesystem.so;/usr/lib/x86_64-linux-gnu/libboost_program_options.so;/usr/lib/x86_64-linux-gnu/libboost_regex.so;/usr/lib/x86_64-linux-gnu/libboost_system.so;-lroslz4;/usr/lib/x86_64-linux-gnu/liblz4.so;-ltopic_tools;-lroscpp;-lpthread;/usr/lib/x86_64-linux-gnu/libboost_chrono.so;/usr/lib/x86_64-linux-gnu/libboost_filesystem.so;/usr/lib/x86_64-linux-gnu/libboost_signals.so;/usr/lib/x86_64-linux-gnu/libboost_system.so;-lrosconsole;-lrosconsole_log4cxx;-lrosconsole_backend_interface;/usr/lib/x86_64-linux-gnu/liblog4cxx.so;/usr/lib/x86_64-linux-gnu/libboost_regex.so;/usr/lib/x86_64-linux-gnu/libboost_system.so;/usr/lib/x86_64-linux-gnu/libboost_thread.so;/usr/lib/x86_64-linux-gnu/libboost_chrono.so;/usr/lib/x86_64-linux-gnu/libboost_date_time.so;/usr/lib/x86_64-linux-gnu/libboost_atomic.so;/usr/lib/x86_64-linux-gnu/libpthread.so;-lxmlrpcpp;-lroscpp_serialization;-lrostime;/usr/lib/x86_64-linux-gnu/libboost_date_time.so;/usr/lib/x86_64-linux-gnu/libboost_system.so;/usr/lib/x86_64-linux-gnu/libboost_thread.so;/usr/lib/x86_64-linux-gnu/libboost_chrono.so;/usr/lib/x86_64-linux-gnu/libboost_atomic.so;/usr/lib/x86_64-linux-gnu/libpthread.so;-lcpp_common;/usr/lib/x86_64-linux-gnu/libboost_system.so;/usr/lib/x86_64-linux-gnu/libboost_thread.so;/usr/lib/x86_64-linux-gnu/libboost_chrono.so;/usr/lib/x86_64-linux-gnu/libboost_date_time.so;/usr/lib/x86_64-linux-gnu/libboost_atomic.so;/usr/lib/x86_64-linux-gnu/libpthread.so;/usr/lib/x86_64-linux-gnu/libconsole_bridge.so;-lTasks;-leigen-qld;-leigen-lssol;-lsch-core;-lmc_rbdyn_urdf;-ltinyxml2;-lRBDyn
MC_RTC_LDFLAGS_OTHER = /usr/lib/x86_64-linux-gnu/libboost_system.so;/usr/lib/x86_64-linux-gnu/libboost_thread.so;/usr/lib/x86_64-linux-gnu/libboost_chrono.so;/usr/lib/x86_64-linux-gnu/libboost_system.so;/usr/lib/x86_64-linux-gnu/libboost_date_time.so;/usr/lib/x86_64-linux-gnu/libboost_atomic.so;/usr/lib/x86_64-linux-gnu/libpthread.so;/usr/lib/x86_64-linux-gnu/libconsole_bridge.so;/usr/lib/x86_64-linux-gnu/libboost_date_time.so;/usr/lib/x86_64-linux-gnu/libboost_filesystem.so;/usr/lib/x86_64-linux-gnu/libboost_program_options.so;/usr/lib/x86_64-linux-gnu/libboost_regex.so;/usr/lib/x86_64-linux-gnu/libboost_system.so;/usr/lib/x86_64-linux-gnu/liblz4.so;/usr/lib/x86_64-linux-gnu/libboost_chrono.so;/usr/lib/x86_64-linux-gnu/libboost_filesystem.so;/usr/lib/x86_64-linux-gnu/libboost_signals.so;/usr/lib/x86_64-linux-gnu/libboost_system.so;/usr/lib/x86_64-linux-gnu/liblog4cxx.so;/usr/lib/x86_64-linux-gnu/libboost_regex.so;/usr/lib/x86_64-linux-gnu/libboost_system.so;/usr/lib/x86_64-linux-gnu/libboost_thread.so;/usr/lib/x86_64-linux-gnu/libboost_chrono.so;/usr/lib/x86_64-linux-gnu/libboost_date_time.so;/usr/lib/x86_64-linux-gnu/libboost_atomic.so;/usr/lib/x86_64-linux-gnu/libpthread.so;/usr/lib/x86_64-linux-gnu/libboost_date_time.so;/usr/lib/x86_64-linux-gnu/libboost_system.so;/usr/lib/x86_64-linux-gnu/libboost_thread.so;/usr/lib/x86_64-linux-gnu/libboost_chrono.so;/usr/lib/x86_64-linux-gnu/libboost_atomic.so;/usr/lib/x86_64-linux-gnu/libpthread.so;/usr/lib/x86_64-linux-gnu/libboost_system.so;/usr/lib/x86_64-linux-gnu/libboost_thread.so;/usr/lib/x86_64-linux-gnu/libboost_chrono.so;/usr/lib/x86_64-linux-gnu/libboost_date_time.so;/usr/lib/x86_64-linux-gnu/libboost_atomic.so;/usr/lib/x86_64-linux-gnu/libpthread.so;/usr/lib/x86_64-linux-gnu/libconsole_bridge.so
MC_RTC_INCLUDE_DIRS = /home/avasalya/catkin_ws/devel/include;/opt/ros/kinetic/include;/usr/local/include;/usr/include/eigen3
MC_RTC_CFLAGS = -I/home/avasalya/catkin_ws/devel/include;-I/opt/ros/kinetic/include;-I/usr/local/include;-I/usr/include/eigen3
MC_RTC_CFLAGS_OTHER = 
MC_RTC = undefined
MC_RTC_STATIC = undefined
MC_RTC_VERSION = 0.1.0-833-g8f90-dirty
MC_RTC_PREFIX = /usr/local
MC_RTC_INCLUDEDIR = /usr/local/include
MC_RTC_LIBDIR = /usr/local/lib
MC_RTC_PKGLIBDIR = /usr/local/lib/mc_rtc
MC_RTC_BINDIR = /usr/local/bin
MC_RTC_DATAROOTDIR = /usr/local/share
MC_RTC_PKGDATAROOTDIR = /usr/local/share
MC_RTC_DOCDIR = /usr/local/share/doc/mc_rtc
MC_RTC_DOXYGENDOCDIR = undefined
MC_RTC_DOXYGENDOCDIR LIBDIR = 
## ---------------- ##
## Watched targets. ##
## ---------------- ##

